mode: atomic
github.com/cloudfoundry-incubator/nsync/listener/main.go:51.13,71.16 9 0
github.com/cloudfoundry-incubator/nsync/listener/main.go:78.2,78.38 1 0
github.com/cloudfoundry-incubator/nsync/listener/main.go:71.16,76.3 2 0
github.com/cloudfoundry-incubator/nsync/listener/main.go:81.39,88.23 2 0
github.com/cloudfoundry-incubator/nsync/listener/main.go:92.2,94.36 2 0
github.com/cloudfoundry-incubator/nsync/listener/main.go:88.23,90.3 1 0
github.com/cloudfoundry-incubator/nsync/listener/main.go:97.68,101.58 3 0
github.com/cloudfoundry-incubator/nsync/listener/main.go:108.2,112.16 2 0
github.com/cloudfoundry-incubator/nsync/listener/main.go:116.2,116.19 1 0
github.com/cloudfoundry-incubator/nsync/listener/main.go:101.58,106.3 1 0
github.com/cloudfoundry-incubator/nsync/listener/main.go:112.16,114.3 1 0
github.com/cloudfoundry-incubator/nsync/listener/main.go:119.55,126.16 3 0
github.com/cloudfoundry-incubator/nsync/listener/main.go:130.2,130.77 1 0
github.com/cloudfoundry-incubator/nsync/listener/main.go:126.16,128.3 1 0
