mode: atomic
github.com/cloudfoundry-incubator/nsync/listen/listen.go:22.81,30.6 5 4
github.com/cloudfoundry-incubator/nsync/listen/listen.go:30.6,31.10 1 6
github.com/cloudfoundry-incubator/nsync/listen/listen.go:32.3,34.14 2 2
github.com/cloudfoundry-incubator/nsync/listen/listen.go:38.3,41.14 3 4
github.com/cloudfoundry-incubator/nsync/listen/listen.go:34.14,37.5 2 2
github.com/cloudfoundry-incubator/nsync/listen/listen.go:46.91,47.77 1 4
github.com/cloudfoundry-incubator/nsync/listen/listen.go:47.77,50.17 3 4
github.com/cloudfoundry-incubator/nsync/listen/listen.go:55.3,55.34 1 2
github.com/cloudfoundry-incubator/nsync/listen/listen.go:50.17,53.4 2 2
github.com/cloudfoundry-incubator/nsync/listen/listen.go:59.80,74.31 2 2
github.com/cloudfoundry-incubator/nsync/listen/listen.go:74.31,76.17 2 1
github.com/cloudfoundry-incubator/nsync/listen/listen.go:76.17,86.4 2 0
github.com/cloudfoundry-incubator/nsync/listen/listen.go:87.4,89.17 2 1
github.com/cloudfoundry-incubator/nsync/listen/listen.go:89.17,99.4 2 0
