mode: atomic
github.com/cloudfoundry-incubator/nsync/bulk/differ.go:9.106,13.12 3 8
github.com/cloudfoundry-incubator/nsync/bulk/differ.go:29.2,29.19 1 8
github.com/cloudfoundry-incubator/nsync/bulk/differ.go:13.12,14.28 1 8
github.com/cloudfoundry-incubator/nsync/bulk/differ.go:22.3,22.36 1 3
github.com/cloudfoundry-incubator/nsync/bulk/differ.go:26.3,26.20 1 3
github.com/cloudfoundry-incubator/nsync/bulk/differ.go:14.28,17.21 3 11
github.com/cloudfoundry-incubator/nsync/bulk/differ.go:17.21,19.5 1 8
github.com/cloudfoundry-incubator/nsync/bulk/differ.go:22.36,24.4 1 4
github.com/cloudfoundry-incubator/nsync/bulk/differ.go:32.112,33.57 1 11
github.com/cloudfoundry-incubator/nsync/bulk/differ.go:33.57,34.45 1 4
github.com/cloudfoundry-incubator/nsync/bulk/differ.go:34.45,36.4 1 3
github.com/cloudfoundry-incubator/nsync/bulk/differ.go:36.5,38.4 1 1
github.com/cloudfoundry-incubator/nsync/bulk/differ.go:39.4,41.3 1 7
github.com/cloudfoundry-incubator/nsync/bulk/differ.go:44.87,46.27 2 8
github.com/cloudfoundry-incubator/nsync/bulk/differ.go:49.2,49.15 1 8
github.com/cloudfoundry-incubator/nsync/bulk/differ.go:46.27,48.3 1 12
github.com/cloudfoundry-incubator/nsync/bulk/fetcher.go:25.76,27.2 1 3
github.com/cloudfoundry-incubator/nsync/bulk/fetcher.go:29.95,31.16 2 4
github.com/cloudfoundry-incubator/nsync/bulk/fetcher.go:35.2,40.16 3 4
github.com/cloudfoundry-incubator/nsync/bulk/fetcher.go:44.2,46.48 2 4
github.com/cloudfoundry-incubator/nsync/bulk/fetcher.go:50.2,50.38 1 4
github.com/cloudfoundry-incubator/nsync/bulk/fetcher.go:54.2,55.16 2 3
github.com/cloudfoundry-incubator/nsync/bulk/fetcher.go:59.2,61.16 3 3
github.com/cloudfoundry-incubator/nsync/bulk/fetcher.go:65.2,65.36 1 2
github.com/cloudfoundry-incubator/nsync/bulk/fetcher.go:69.2,69.50 1 2
github.com/cloudfoundry-incubator/nsync/bulk/fetcher.go:74.2,74.31 1 1
github.com/cloudfoundry-incubator/nsync/bulk/fetcher.go:78.2,78.68 1 1
github.com/cloudfoundry-incubator/nsync/bulk/fetcher.go:31.16,33.3 1 0
github.com/cloudfoundry-incubator/nsync/bulk/fetcher.go:40.16,42.3 1 0
github.com/cloudfoundry-incubator/nsync/bulk/fetcher.go:46.48,48.3 1 0
github.com/cloudfoundry-incubator/nsync/bulk/fetcher.go:50.38,52.3 1 1
github.com/cloudfoundry-incubator/nsync/bulk/fetcher.go:55.16,57.3 1 0
github.com/cloudfoundry-incubator/nsync/bulk/fetcher.go:61.16,63.3 1 1
github.com/cloudfoundry-incubator/nsync/bulk/fetcher.go:65.36,67.3 1 3
github.com/cloudfoundry-incubator/nsync/bulk/fetcher.go:69.50,72.3 2 1
github.com/cloudfoundry-incubator/nsync/bulk/fetcher.go:74.31,76.3 1 0
github.com/cloudfoundry-incubator/nsync/bulk/fetcher.go:81.60,83.2 1 4
github.com/cloudfoundry-incubator/nsync/bulk/fetcher.go:85.52,87.39 2 3
github.com/cloudfoundry-incubator/nsync/bulk/fetcher.go:94.2,106.3 1 3
github.com/cloudfoundry-incubator/nsync/bulk/fetcher.go:87.39,92.3 1 4
github.com/cloudfoundry-incubator/nsync/bulk/fetcher.go:109.77,111.2 1 0
github.com/cloudfoundry-incubator/nsync/bulk/processor.go:25.30,33.2 1 4
github.com/cloudfoundry-incubator/nsync/bulk/processor.go:35.80,38.6 2 4
github.com/cloudfoundry-incubator/nsync/bulk/processor.go:72.2,72.12 1 0
github.com/cloudfoundry-incubator/nsync/bulk/processor.go:38.6,40.17 2 5
github.com/cloudfoundry-incubator/nsync/bulk/processor.go:49.3,55.7 4 2
github.com/cloudfoundry-incubator/nsync/bulk/processor.go:40.17,41.11 1 3
github.com/cloudfoundry-incubator/nsync/bulk/processor.go:42.4,43.15 1 2
github.com/cloudfoundry-incubator/nsync/bulk/processor.go:44.4,45.13 1 1
github.com/cloudfoundry-incubator/nsync/bulk/processor.go:55.7,56.11 1 8
github.com/cloudfoundry-incubator/nsync/bulk/processor.go:57.4,58.12 1 6
github.com/cloudfoundry-incubator/nsync/bulk/processor.go:63.5,63.35 1 6
github.com/cloudfoundry-incubator/nsync/bulk/processor.go:64.4,65.15 1 2
github.com/cloudfoundry-incubator/nsync/bulk/processor.go:66.4,67.16 1 0
github.com/cloudfoundry-incubator/nsync/bulk/processor.go:58.12,60.11 2 0
