mode: atomic
github.com/cloudfoundry-incubator/nsync/bulker/main.go:63.13,83.16 8 0
github.com/cloudfoundry-incubator/nsync/bulker/main.go:90.2,90.36 1 0
github.com/cloudfoundry-incubator/nsync/bulker/main.go:83.16,88.3 2 0
github.com/cloudfoundry-incubator/nsync/bulker/main.go:93.39,100.23 2 0
github.com/cloudfoundry-incubator/nsync/bulker/main.go:104.2,106.34 2 0
github.com/cloudfoundry-incubator/nsync/bulker/main.go:100.23,102.3 1 0
github.com/cloudfoundry-incubator/nsync/bulker/main.go:109.55,116.16 3 0
github.com/cloudfoundry-incubator/nsync/bulker/main.go:120.2,120.77 1 0
github.com/cloudfoundry-incubator/nsync/bulker/main.go:116.16,118.3 1 0
